{"C:\\Users\\Oritoke\\Documents\\Tuts\\TestCoverage\\app.js":{"path":"C:\\Users\\Oritoke\\Documents\\Tuts\\TestCoverage\\app.js","s":{"1":1,"2":1,"3":1,"4":1,"5":0,"6":1,"7":0,"8":1},"b":{},"f":{},"fnMap":{},"statementMap":{"1":{"start":{"line":1,"column":0},"end":{"line":1,"column":35}},"2":{"start":{"line":3,"column":0},"end":{"line":3,"column":22}},"3":{"start":{"line":5,"column":0},"end":{"line":5,"column":18}},"4":{"start":{"line":7,"column":0},"end":{"line":12,"column":3}},"5":{"start":{"line":8,"column":4},"end":{"line":11,"column":6}},"6":{"start":{"line":14,"column":0},"end":{"line":16,"column":3}},"7":{"start":{"line":15,"column":4},"end":{"line":15,"column":49}},"8":{"start":{"line":18,"column":0},"end":{"line":18,"column":21}}},"branchMap":{}}}